# JRE version: OpenJDK Runtime Environment (8.0_181-b13) (build 1.8.0_181-8u181-b13-0ubuntu0.16.04.1-b13)
# Java VM: OpenJDK 64-Bit Server VM (25.181-b13 mixed mode linux-amd64 compressed oops)
Heap:
 garbage-first heap   total 262144K, used 168449K [0x00000000c0000000, 0x00000000c0100800, 0x0000000100000000)
  region size 1024K, 42 young (43008K), 5 survivors (5120K)
 Metaspace       used 136017K, capacity 150184K, committed 150360K, reserved 1177600K
  class space    used 17302K, capacity 21800K, committed 21904K, reserved 1048576K
GC Heap History (10 events):
Event: 3098,364 GC heap before
{Heap before GC invocations=119 (full 0):
 garbage-first heap   total 262144K, used 231920K [0x00000000c0000000, 0x00000000c0100800, 0x0000000100000000)
  region size 1024K, 106 young (108544K), 2 survivors (2048K)
 Metaspace       used 133338K, capacity 147396K, committed 147544K, reserved 1175552K
  class space    used 17032K, capacity 21356K, committed 21392K, reserved 1048576K
Event: 3098,457 GC heap after
Heap after GC invocations=120 (full 0):
 garbage-first heap   total 262144K, used 127472K [0x00000000c0000000, 0x00000000c0100800, 0x0000000100000000)
  region size 1024K, 4 young (4096K), 4 survivors (4096K)
 Metaspace       used 133338K, capacity 147396K, committed 147544K, reserved 1175552K
  class space    used 17032K, capacity 21356K, committed 21392K, reserved 1048576K
}
Event: 3188,133 GC heap before
{Heap before GC invocations=121 (full 0):
 garbage-first heap   total 262144K, used 230896K [0x00000000c0000000, 0x00000000c0100800, 0x0000000100000000)
  region size 1024K, 105 young (107520K), 4 survivors (4096K)
 Metaspace       used 133339K, capacity 147396K, committed 147544K, reserved 1175552K
  class space    used 17032K, capacity 21356K, committed 21392K, reserved 1048576K
Event: 3188,198 GC heap after
Heap after GC invocations=122 (full 0):
 garbage-first heap   total 262144K, used 126448K [0x00000000c0000000, 0x00000000c0100800, 0x0000000100000000)
  region size 1024K, 3 young (3072K), 3 survivors (3072K)
 Metaspace       used 133339K, capacity 147396K, committed 147544K, reserved 1175552K
  class space    used 17032K, capacity 21356K, committed 21392K, reserved 1048576K
}
Event: 3193,135 GC heap before
{Heap before GC invocations=122 (full 0):
 garbage-first heap   total 262144K, used 135664K [0x00000000c0000000, 0x00000000c0100800, 0x0000000100000000)
  region size 1024K, 12 young (12288K), 3 survivors (3072K)
 Metaspace       used 133339K, capacity 147396K, committed 147544K, reserved 1175552K
  class space    used 17032K, capacity 21356K, committed 21392K, reserved 1048576K
Event: 3193,195 GC heap after
Heap after GC invocations=123 (full 0):
 garbage-first heap   total 262144K, used 125029K [0x00000000c0000000, 0x00000000c0100800, 0x0000000100000000)
  region size 1024K, 1 young (1024K), 1 survivors (1024K)
 Metaspace       used 133339K, capacity 147396K, committed 147544K, reserved 1175552K
  class space    used 17032K, capacity 21356K, committed 21392K, reserved 1048576K
}
Event: 3236,383 GC heap before
{Heap before GC invocations=123 (full 0):
 garbage-first heap   total 262144K, used 230501K [0x00000000c0000000, 0x00000000c0100800, 0x0000000100000000)
  region size 1024K, 104 young (106496K), 1 survivors (1024K)
 Metaspace       used 133516K, capacity 147556K, committed 147800K, reserved 1175552K
  class space    used 17048K, capacity 21388K, committed 21392K, reserved 1048576K
Event: 3236,440 GC heap after
Heap after GC invocations=124 (full 0):
 garbage-first heap   total 262144K, used 126053K [0x00000000c0000000, 0x00000000c0100800, 0x0000000100000000)
  region size 1024K, 2 young (2048K), 2 survivors (2048K)
 Metaspace       used 133516K, capacity 147556K, committed 147800K, reserved 1175552K
  class space    used 17048K, capacity 21388K, committed 21392K, reserved 1048576K
}
Event: 3274,874 GC heap before
{Heap before GC invocations=124 (full 0):
 garbage-first heap   total 262144K, used 231525K [0x00000000c0000000, 0x00000000c0100800, 0x0000000100000000)
  region size 1024K, 105 young (107520K), 2 survivors (2048K)
 Metaspace       used 135494K, capacity 149682K, committed 149976K, reserved 1177600K
  class space    used 17244K, capacity 21692K, committed 21776K, reserved 1048576K
Event: 3275,046 GC heap after
Heap after GC invocations=125 (full 0):
 garbage-first heap   total 262144K, used 129637K [0x00000000c0000000, 0x00000000c0100800, 0x0000000100000000)
  region size 1024K, 5 young (5120K), 5 survivors (5120K)
 Metaspace       used 135494K, capacity 149682K, committed 149976K, reserved 1177600K
  class space    used 17244K, capacity 21692K, committed 21776K, reserved 1048576K
}

